<?xml version="1.0" encoding="UTF-8"?>
<!-- Generated by org.testng.reporters.JUnitReportReporter -->
<testsuite skipped="0" hostname="laptop-2218" name="selfServiceTC.SelfService_Flow" tests="4" failures="0" timestamp="22 Aug 2019 06:14:07 GMT" time="121.915" errors="0">
  <testcase name="Email_Page_method" time="13.966" classname="selfServiceTC.SelfService_Flow"/>
  <testcase name="Email_Page_method" time="40.476" classname="selfServiceTC.SelfService_Flow"/>
  <testcase name="Prospect_Form_method" time="42.484" classname="selfServiceTC.SelfService_Flow"/>
  <testcase name="TApplicant_Form_method" time="24.989" classname="selfServiceTC.SelfService_Flow"/>
</testsuite> <!-- selfServiceTC.SelfService_Flow -->
