<?xml version="1.0" encoding="UTF-8"?>
<!-- Generated by org.testng.reporters.JUnitReportReporter -->
<testsuite hostname="Laptop-2968-1" failures="0" tests="5" name="AdministrationTC.Admin_Flow" time="89.589" errors="0" timestamp="2022-03-22T22:56:28 IST" skipped="2">
  <testcase classname="AdministrationTC.Admin_Flow" name="Login_Page_method" time="8.458"/>
  <system-out/>
  <testcase classname="AdministrationTC.Admin_Flow" name="Login_Page_method" time="23.987"/>
  <system-out/>
  <testcase classname="AdministrationTC.Admin_Flow" name="ProspectViewRecords_page_method" time="57.144"/>
  <system-out/>
  <testcase classname="AdministrationTC.Admin_Flow" name="Peoplesearch_page_method">
    <skipped/>
  </testcase> <!-- Peoplesearch_page_method -->
  <system-out/>
  <testcase classname="AdministrationTC.Admin_Flow" name="mdashboard_page_method">
    <skipped/>
  </testcase> <!-- mdashboard_page_method -->
  <system-out/>
</testsuite> <!-- AdministrationTC.Admin_Flow -->
