<?xml version="1.0" encoding="UTF-8"?>
<!-- Generated by org.testng.reporters.JUnitReportReporter -->
<testsuite skipped="0" hostname="laptop-2218" name="test.emailTest" tests="4" failures="0" timestamp="26 Jun 2019 17:46:21 GMT" time="116.510" errors="0">
  <testcase name="login" time="13.733" classname="test.emailTest"/>
  <testcase name="login" time="40.446" classname="test.emailTest"/>
  <testcase name="selectvalue" time="39.388" classname="test.emailTest"/>
  <testcase name="tapplicaninfomethod" time="22.943" classname="test.emailTest"/>
</testsuite> <!-- test.emailTest -->
